[2024-03-02T00:00:07.190+0000] {taskinstance.py:1979} INFO - Dependencies all met for dep_context=non-requeueable deps ti=<TaskInstance: dag_with_postgres_operator_v03.delete_data_from_table scheduled__2024-03-01T00:00:00+00:00 [queued]>
[2024-03-02T00:00:07.198+0000] {taskinstance.py:1979} INFO - Dependencies all met for dep_context=requeueable deps ti=<TaskInstance: dag_with_postgres_operator_v03.delete_data_from_table scheduled__2024-03-01T00:00:00+00:00 [queued]>
[2024-03-02T00:00:07.199+0000] {taskinstance.py:2193} INFO - Starting attempt 1 of 6
[2024-03-02T00:00:07.208+0000] {taskinstance.py:2214} INFO - Executing <Task(PostgresOperator): delete_data_from_table> on 2024-03-01 00:00:00+00:00
[2024-03-02T00:00:07.217+0000] {standard_task_runner.py:60} INFO - Started process 18177 to run task
[2024-03-02T00:00:07.233+0000] {standard_task_runner.py:87} INFO - Running: ['***', 'tasks', 'run', 'dag_with_postgres_operator_v03', 'delete_data_from_table', 'scheduled__2024-03-01T00:00:00+00:00', '--job-id', '111', '--raw', '--subdir', 'DAGS_FOLDER/dag_with_postgres_operator.py', '--cfg-path', '/tmp/tmpya4cnjq2']
[2024-03-02T00:00:07.239+0000] {standard_task_runner.py:88} INFO - Job 111: Subtask delete_data_from_table
[2024-03-02T00:00:07.309+0000] {task_command.py:423} INFO - Running <TaskInstance: dag_with_postgres_operator_v03.delete_data_from_table scheduled__2024-03-01T00:00:00+00:00 [running]> on host 417e643aed36
[2024-03-02T00:00:08.070+0000] {taskinstance.py:2510} INFO - Exporting env vars: AIRFLOW_CTX_DAG_OWNER='dn' AIRFLOW_CTX_DAG_ID='dag_with_postgres_operator_v03' AIRFLOW_CTX_TASK_ID='delete_data_from_table' AIRFLOW_CTX_EXECUTION_DATE='2024-03-01T00:00:00+00:00' AIRFLOW_CTX_TRY_NUMBER='1' AIRFLOW_CTX_DAG_RUN_ID='scheduled__2024-03-01T00:00:00+00:00'
[2024-03-02T00:00:08.071+0000] {sql.py:276} INFO - Executing: 
            delete from dag_runs where dt = '2024-03-01' and dag_id = 'dag_with_postgres_operator_v03';
        
[2024-03-02T00:00:08.090+0000] {base.py:83} INFO - Using connection ID 'postgres_localhost' for task execution.
[2024-03-02T00:00:08.137+0000] {base.py:83} INFO - Using connection ID 'postgres_localhost' for task execution.
[2024-03-02T00:00:08.184+0000] {sql.py:457} INFO - Running statement: 
            delete from dag_runs where dt = '2024-03-01' and dag_id = 'dag_with_postgres_operator_v03';
        , parameters: None
[2024-03-02T00:00:08.202+0000] {sql.py:466} INFO - Rows affected: 0
[2024-03-02T00:00:08.213+0000] {logging_mixin.py:188} WARNING - /home/***/.local/lib/python3.11/site-packages/***/providers/common/sql/hooks/sql.py:407 AirflowProviderDeprecationWarning: Call to deprecated method _make_common_data_structure. (The `_make_serializable` method is deprecated and support will be removed in a future version of the common.sql provider. Please update the DbApiHook's provider to a version based on common.sql >= 1.9.1.)
[2024-03-02T00:00:08.239+0000] {taskinstance.py:1149} INFO - Marking task as SUCCESS. dag_id=dag_with_postgres_operator_v03, task_id=delete_data_from_table, execution_date=20240301T000000, start_date=20240302T000007, end_date=20240302T000008
[2024-03-02T00:00:08.357+0000] {local_task_job_runner.py:234} INFO - Task exited with return code 0
[2024-03-02T00:00:08.398+0000] {logging_mixin.py:188} WARNING - /home/***/.local/lib/python3.11/site-packages/***/models/baseoperator.py:1201 AirflowProviderDeprecationWarning: Call to deprecated class PostgresOperator. (Please use `***.providers.common.sql.operators.sql.SQLExecuteQueryOperator`.Also, you can provide `hook_params={'schema': <database>}`.)
[2024-03-02T00:00:08.411+0000] {taskinstance.py:3309} INFO - 1 downstream tasks scheduled from follow-on schedule check
