[2024-03-01T21:20:50.291+0000] {taskinstance.py:1979} INFO - Dependencies all met for dep_context=non-requeueable deps ti=<TaskInstance: dag_with_postgres_operator_v01.create_postgres_table scheduled__2024-02-29T00:00:00+00:00 [queued]>
[2024-03-01T21:20:50.296+0000] {taskinstance.py:1979} INFO - Dependencies all met for dep_context=requeueable deps ti=<TaskInstance: dag_with_postgres_operator_v01.create_postgres_table scheduled__2024-02-29T00:00:00+00:00 [queued]>
[2024-03-01T21:20:50.297+0000] {taskinstance.py:2193} INFO - Starting attempt 2 of 6
[2024-03-01T21:20:50.306+0000] {taskinstance.py:2214} INFO - Executing <Task(PostgresOperator): create_postgres_table> on 2024-02-29 00:00:00+00:00
[2024-03-01T21:20:50.311+0000] {standard_task_runner.py:60} INFO - Started process 6839 to run task
[2024-03-01T21:20:50.319+0000] {standard_task_runner.py:87} INFO - Running: ['***', 'tasks', 'run', 'dag_with_postgres_operator_v01', 'create_postgres_table', 'scheduled__2024-02-29T00:00:00+00:00', '--job-id', '87', '--raw', '--subdir', 'DAGS_FOLDER/dag_with_postgres_operator.py', '--cfg-path', '/tmp/tmpsxk4au7y']
[2024-03-01T21:20:50.321+0000] {standard_task_runner.py:88} INFO - Job 87: Subtask create_postgres_table
[2024-03-01T21:20:50.359+0000] {task_command.py:423} INFO - Running <TaskInstance: dag_with_postgres_operator_v01.create_postgres_table scheduled__2024-02-29T00:00:00+00:00 [running]> on host 417e643aed36
[2024-03-01T21:20:51.144+0000] {taskinstance.py:2510} INFO - Exporting env vars: AIRFLOW_CTX_DAG_OWNER='dn' AIRFLOW_CTX_DAG_ID='dag_with_postgres_operator_v01' AIRFLOW_CTX_TASK_ID='create_postgres_table' AIRFLOW_CTX_EXECUTION_DATE='2024-02-29T00:00:00+00:00' AIRFLOW_CTX_TRY_NUMBER='2' AIRFLOW_CTX_DAG_RUN_ID='scheduled__2024-02-29T00:00:00+00:00'
[2024-03-01T21:20:51.145+0000] {sql.py:276} INFO - Executing: 
            create table if not exists dag_runs(
                dt date,
                dag_id character varying,
                primary key(dt,dag_id)
            )
        
[2024-03-01T21:20:51.157+0000] {base.py:83} INFO - Using connection ID 'postgres_localhost' for task execution.
[2024-03-01T21:20:51.176+0000] {base.py:83} INFO - Using connection ID 'postgres_localhost' for task execution.
[2024-03-01T21:20:51.239+0000] {sql.py:457} INFO - Running statement: 
            create table if not exists dag_runs(
                dt date,
                dag_id character varying,
                primary key(dt,dag_id)
            )
        , parameters: None
[2024-03-01T21:20:51.316+0000] {logging_mixin.py:188} WARNING - /home/***/.local/lib/python3.11/site-packages/***/providers/common/sql/hooks/sql.py:407 AirflowProviderDeprecationWarning: Call to deprecated method _make_common_data_structure. (The `_make_serializable` method is deprecated and support will be removed in a future version of the common.sql provider. Please update the DbApiHook's provider to a version based on common.sql >= 1.9.1.)
[2024-03-01T21:20:51.327+0000] {taskinstance.py:1149} INFO - Marking task as SUCCESS. dag_id=dag_with_postgres_operator_v01, task_id=create_postgres_table, execution_date=20240229T000000, start_date=20240301T212050, end_date=20240301T212051
[2024-03-01T21:20:51.387+0000] {local_task_job_runner.py:234} INFO - Task exited with return code 0
[2024-03-01T21:20:51.404+0000] {taskinstance.py:3309} INFO - 0 downstream tasks scheduled from follow-on schedule check
