[2024-03-01T23:13:24.647+0000] {taskinstance.py:1979} INFO - Dependencies all met for dep_context=non-requeueable deps ti=<TaskInstance: dag_with_postgres_operator_v03.insert_into_table scheduled__2024-02-29T00:00:00+00:00 [queued]>
[2024-03-01T23:13:24.654+0000] {taskinstance.py:1979} INFO - Dependencies all met for dep_context=requeueable deps ti=<TaskInstance: dag_with_postgres_operator_v03.insert_into_table scheduled__2024-02-29T00:00:00+00:00 [queued]>
[2024-03-01T23:13:24.655+0000] {taskinstance.py:2193} INFO - Starting attempt 1 of 6
[2024-03-01T23:13:24.663+0000] {taskinstance.py:2214} INFO - Executing <Task(PostgresOperator): insert_into_table> on 2024-02-29 00:00:00+00:00
[2024-03-01T23:13:24.671+0000] {standard_task_runner.py:60} INFO - Started process 14864 to run task
[2024-03-01T23:13:24.687+0000] {standard_task_runner.py:87} INFO - Running: ['***', 'tasks', 'run', 'dag_with_postgres_operator_v03', 'insert_into_table', 'scheduled__2024-02-29T00:00:00+00:00', '--job-id', '101', '--raw', '--subdir', 'DAGS_FOLDER/dag_with_postgres_operator.py', '--cfg-path', '/tmp/tmp070wklmv']
[2024-03-01T23:13:24.692+0000] {standard_task_runner.py:88} INFO - Job 101: Subtask insert_into_table
[2024-03-01T23:13:24.831+0000] {task_command.py:423} INFO - Running <TaskInstance: dag_with_postgres_operator_v03.insert_into_table scheduled__2024-02-29T00:00:00+00:00 [running]> on host 417e643aed36
[2024-03-01T23:13:25.309+0000] {taskinstance.py:2510} INFO - Exporting env vars: AIRFLOW_CTX_DAG_OWNER='dn' AIRFLOW_CTX_DAG_ID='dag_with_postgres_operator_v03' AIRFLOW_CTX_TASK_ID='insert_into_table' AIRFLOW_CTX_EXECUTION_DATE='2024-02-29T00:00:00+00:00' AIRFLOW_CTX_TRY_NUMBER='1' AIRFLOW_CTX_DAG_RUN_ID='scheduled__2024-02-29T00:00:00+00:00'
[2024-03-01T23:13:25.312+0000] {sql.py:276} INFO - Executing: 
            insert into dag_runs(dt, dag_id) values('2024-02-29', 'dag_with_postgres_operator_v03')
        
[2024-03-01T23:13:25.323+0000] {base.py:83} INFO - Using connection ID 'postgres_localhost' for task execution.
[2024-03-01T23:13:25.335+0000] {base.py:83} INFO - Using connection ID 'postgres_localhost' for task execution.
[2024-03-01T23:13:25.367+0000] {sql.py:457} INFO - Running statement: 
            insert into dag_runs(dt, dag_id) values('2024-02-29', 'dag_with_postgres_operator_v03')
        , parameters: None
[2024-03-01T23:13:25.371+0000] {sql.py:466} INFO - Rows affected: 1
[2024-03-01T23:13:25.374+0000] {logging_mixin.py:188} WARNING - /home/***/.local/lib/python3.11/site-packages/***/providers/common/sql/hooks/sql.py:407 AirflowProviderDeprecationWarning: Call to deprecated method _make_common_data_structure. (The `_make_serializable` method is deprecated and support will be removed in a future version of the common.sql provider. Please update the DbApiHook's provider to a version based on common.sql >= 1.9.1.)
[2024-03-01T23:13:25.388+0000] {taskinstance.py:1149} INFO - Marking task as SUCCESS. dag_id=dag_with_postgres_operator_v03, task_id=insert_into_table, execution_date=20240229T000000, start_date=20240301T231324, end_date=20240301T231325
[2024-03-01T23:13:25.427+0000] {local_task_job_runner.py:234} INFO - Task exited with return code 0
[2024-03-01T23:13:25.462+0000] {taskinstance.py:3309} INFO - 0 downstream tasks scheduled from follow-on schedule check
