[2024-03-01T23:15:40.946+0000] {taskinstance.py:1979} INFO - Dependencies all met for dep_context=non-requeueable deps ti=<TaskInstance: dag_with_postgres_operator_v03.delete_data_from_table scheduled__2024-02-28T00:00:00+00:00 [queued]>
[2024-03-01T23:15:40.951+0000] {taskinstance.py:1979} INFO - Dependencies all met for dep_context=requeueable deps ti=<TaskInstance: dag_with_postgres_operator_v03.delete_data_from_table scheduled__2024-02-28T00:00:00+00:00 [queued]>
[2024-03-01T23:15:40.952+0000] {taskinstance.py:2193} INFO - Starting attempt 2 of 7
[2024-03-01T23:15:40.958+0000] {taskinstance.py:2214} INFO - Executing <Task(PostgresOperator): delete_data_from_table> on 2024-02-28 00:00:00+00:00
[2024-03-01T23:15:40.961+0000] {standard_task_runner.py:60} INFO - Started process 15044 to run task
[2024-03-01T23:15:40.965+0000] {standard_task_runner.py:87} INFO - Running: ['***', 'tasks', 'run', 'dag_with_postgres_operator_v03', 'delete_data_from_table', 'scheduled__2024-02-28T00:00:00+00:00', '--job-id', '103', '--raw', '--subdir', 'DAGS_FOLDER/dag_with_postgres_operator.py', '--cfg-path', '/tmp/tmpjubno4_z']
[2024-03-01T23:15:40.967+0000] {standard_task_runner.py:88} INFO - Job 103: Subtask delete_data_from_table
[2024-03-01T23:15:41.004+0000] {task_command.py:423} INFO - Running <TaskInstance: dag_with_postgres_operator_v03.delete_data_from_table scheduled__2024-02-28T00:00:00+00:00 [running]> on host 417e643aed36
[2024-03-01T23:15:41.139+0000] {taskinstance.py:2510} INFO - Exporting env vars: AIRFLOW_CTX_DAG_OWNER='dn' AIRFLOW_CTX_DAG_ID='dag_with_postgres_operator_v03' AIRFLOW_CTX_TASK_ID='delete_data_from_table' AIRFLOW_CTX_EXECUTION_DATE='2024-02-28T00:00:00+00:00' AIRFLOW_CTX_TRY_NUMBER='2' AIRFLOW_CTX_DAG_RUN_ID='scheduled__2024-02-28T00:00:00+00:00'
[2024-03-01T23:15:41.140+0000] {sql.py:276} INFO - Executing: 
            delete from dag_runs where dt = '2024-02-28' and dag_id = 'dag_with_postgres_operator_v03';
        
[2024-03-01T23:15:41.147+0000] {base.py:83} INFO - Using connection ID 'postgres_localhost' for task execution.
[2024-03-01T23:15:41.155+0000] {base.py:83} INFO - Using connection ID 'postgres_localhost' for task execution.
[2024-03-01T23:15:41.164+0000] {sql.py:457} INFO - Running statement: 
            delete from dag_runs where dt = '2024-02-28' and dag_id = 'dag_with_postgres_operator_v03';
        , parameters: None
[2024-03-01T23:15:41.168+0000] {sql.py:466} INFO - Rows affected: 1
[2024-03-01T23:15:41.170+0000] {logging_mixin.py:188} WARNING - /home/***/.local/lib/python3.11/site-packages/***/providers/common/sql/hooks/sql.py:407 AirflowProviderDeprecationWarning: Call to deprecated method _make_common_data_structure. (The `_make_serializable` method is deprecated and support will be removed in a future version of the common.sql provider. Please update the DbApiHook's provider to a version based on common.sql >= 1.9.1.)
[2024-03-01T23:15:41.179+0000] {taskinstance.py:1149} INFO - Marking task as SUCCESS. dag_id=dag_with_postgres_operator_v03, task_id=delete_data_from_table, execution_date=20240228T000000, start_date=20240301T231540, end_date=20240301T231541
[2024-03-01T23:15:41.219+0000] {local_task_job_runner.py:234} INFO - Task exited with return code 0
[2024-03-01T23:15:41.230+0000] {logging_mixin.py:188} WARNING - /home/***/.local/lib/python3.11/site-packages/***/models/baseoperator.py:1201 AirflowProviderDeprecationWarning: Call to deprecated class PostgresOperator. (Please use `***.providers.common.sql.operators.sql.SQLExecuteQueryOperator`.Also, you can provide `hook_params={'schema': <database>}`.)
[2024-03-01T23:15:41.236+0000] {taskinstance.py:3309} INFO - 1 downstream tasks scheduled from follow-on schedule check
