[2024-03-01T23:15:41.446+0000] {taskinstance.py:1979} INFO - Dependencies all met for dep_context=non-requeueable deps ti=<TaskInstance: dag_with_postgres_operator_v03.insert_into_table scheduled__2024-02-28T00:00:00+00:00 [queued]>
[2024-03-01T23:15:41.451+0000] {taskinstance.py:1979} INFO - Dependencies all met for dep_context=requeueable deps ti=<TaskInstance: dag_with_postgres_operator_v03.insert_into_table scheduled__2024-02-28T00:00:00+00:00 [queued]>
[2024-03-01T23:15:41.452+0000] {taskinstance.py:2193} INFO - Starting attempt 2 of 7
[2024-03-01T23:15:41.458+0000] {taskinstance.py:2214} INFO - Executing <Task(PostgresOperator): insert_into_table> on 2024-02-28 00:00:00+00:00
[2024-03-01T23:15:41.462+0000] {standard_task_runner.py:60} INFO - Started process 15046 to run task
[2024-03-01T23:15:41.465+0000] {standard_task_runner.py:87} INFO - Running: ['***', 'tasks', 'run', 'dag_with_postgres_operator_v03', 'insert_into_table', 'scheduled__2024-02-28T00:00:00+00:00', '--job-id', '104', '--raw', '--subdir', 'DAGS_FOLDER/dag_with_postgres_operator.py', '--cfg-path', '/tmp/tmpn5tv5eq9']
[2024-03-01T23:15:41.468+0000] {standard_task_runner.py:88} INFO - Job 104: Subtask insert_into_table
[2024-03-01T23:15:41.505+0000] {task_command.py:423} INFO - Running <TaskInstance: dag_with_postgres_operator_v03.insert_into_table scheduled__2024-02-28T00:00:00+00:00 [running]> on host 417e643aed36
[2024-03-01T23:15:41.639+0000] {taskinstance.py:2510} INFO - Exporting env vars: AIRFLOW_CTX_DAG_OWNER='dn' AIRFLOW_CTX_DAG_ID='dag_with_postgres_operator_v03' AIRFLOW_CTX_TASK_ID='insert_into_table' AIRFLOW_CTX_EXECUTION_DATE='2024-02-28T00:00:00+00:00' AIRFLOW_CTX_TRY_NUMBER='2' AIRFLOW_CTX_DAG_RUN_ID='scheduled__2024-02-28T00:00:00+00:00'
[2024-03-01T23:15:41.640+0000] {sql.py:276} INFO - Executing: 
            insert into dag_runs(dt, dag_id) values('2024-02-28', 'dag_with_postgres_operator_v03')
        
[2024-03-01T23:15:41.647+0000] {base.py:83} INFO - Using connection ID 'postgres_localhost' for task execution.
[2024-03-01T23:15:41.655+0000] {base.py:83} INFO - Using connection ID 'postgres_localhost' for task execution.
[2024-03-01T23:15:41.664+0000] {sql.py:457} INFO - Running statement: 
            insert into dag_runs(dt, dag_id) values('2024-02-28', 'dag_with_postgres_operator_v03')
        , parameters: None
[2024-03-01T23:15:41.667+0000] {sql.py:466} INFO - Rows affected: 1
[2024-03-01T23:15:41.669+0000] {logging_mixin.py:188} WARNING - /home/***/.local/lib/python3.11/site-packages/***/providers/common/sql/hooks/sql.py:407 AirflowProviderDeprecationWarning: Call to deprecated method _make_common_data_structure. (The `_make_serializable` method is deprecated and support will be removed in a future version of the common.sql provider. Please update the DbApiHook's provider to a version based on common.sql >= 1.9.1.)
[2024-03-01T23:15:41.678+0000] {taskinstance.py:1149} INFO - Marking task as SUCCESS. dag_id=dag_with_postgres_operator_v03, task_id=insert_into_table, execution_date=20240228T000000, start_date=20240301T231541, end_date=20240301T231541
[2024-03-01T23:15:41.722+0000] {local_task_job_runner.py:234} INFO - Task exited with return code 0
[2024-03-01T23:15:41.741+0000] {taskinstance.py:3309} INFO - 0 downstream tasks scheduled from follow-on schedule check
